This is LuaHBTeX, Version 1.24.0 (MiKTeX 25.12) (format=lualatex 2026.4.10)  15 APR 2026 20:11
 restricted system commands enabled.
**paper_categorical.tex
(./paper_categorical.tex
LaTeX2e <2025-11-01>
L3 programming layer <2025-12-24>
Lua module: luaotfload 2024-12-03 v3.29 Lua based OpenType font support
Lua module: lualibs 2023-07-13 v2.76 ConTeXt Lua standard libraries.
Lua module: lualibs-extended 2023-07-13 v2.76 ConTeXt Lua libraries -- extended 
collection.
luaotfload | conf : Root cache directory is "C:/Users/協力会社PC用/AppData/
Local/MiKTeX/luatex-cache/generic/names".
luaotfload | init : Loading fontloader "fontloader-2023-12-28.lua" from kpse-res
olved path "C:/Users/協力会社PC用/AppData/Local/Programs/MiKTeX/tex/luatex/
luaotfload/fontloader-2023-12-28.lua".
Lua-only attribute luaotfload@noligature = 1
luaotfload | init : Context OpenType loader version 3.134
Inserting `luaotfload.node_processor' in `pre_linebreak_filter'.
Inserting `luaotfload.node_processor' in `hpack_filter'.
Inserting `luaotfload.glyph_stream' in `glyph_stream_provider'.
Inserting `luaotfload.define_font' in `define_font'.
Lua-only attribute luaotfload_color_attribute = 2
luaotfload | conf : Root cache directory is "C:/Users/協力会社PC用/AppData/
Local/MiKTeX/luatex-cache/generic/names".
Inserting `luaotfload.harf.strip_prefix' in `find_opentype_file'.
Inserting `luaotfload.harf.strip_prefix' in `find_truetype_file'.
Removing  `luaotfload.glyph_stream' from `glyph_stream_provider'.
Inserting `luaotfload.harf.glyphstream' in `glyph_stream_provider'.
Inserting `luaotfload.harf.finalize_vlist' in `post_linebreak_filter'.
Inserting `luaotfload.harf.finalize_hlist' in `hpack_filter'.
Inserting `luaotfload.cleanup_files' in `wrapup_run'.
Inserting `luaotfload.harf.finalize_unicode' in `finish_pdffile'.
Inserting `luaotfload.glyphinfo' in `glyph_info'.
Lua-only attribute luaotfload.letterspace_done = 3
Inserting `luaotfload.aux.set_sscale_dimens' in `luaotfload.patch_font'.
Inserting `luaotfload.aux.set_font_index' in `luaotfload.patch_font'.
Inserting `luaotfload.aux.patch_cambria_domh' in `luaotfload.patch_font'.
Inserting `luaotfload.aux.fixup_fontdata' in `luaotfload.patch_font_unsafe'.
Inserting `luaotfload.aux.set_capheight' in `luaotfload.patch_font'.
Inserting `luaotfload.aux.set_xheight' in `luaotfload.patch_font'.
Inserting `luaotfload.rewrite_fontname' in `luaotfload.patch_font'.
Inserting `tracingstacklevels' in `input_level_string'.
(C:/Users/協力会社PC用/AppData/Local/Programs/MiKTeX/tex/latex/base/articl
e.cls
Document Class: article 2025/01/22 v1.4n Standard LaTeX document class

(C:/Users/協力会社PC用/AppData/Local/Programs/MiKTeX/tex/latex/base/size11
.clo
File: size11.clo 2025/01/22 v1.4n Standard LaTeX file (size option)
luaotfload | db : Font names database loaded from C:/Users/協力会社PC用/App
Data/Local/MiKTeX/luatex-cache/generic/names/luaotfload-names.luc.gz)
\c@part=\count273
\c@section=\count274
\c@subsection=\count275
\c@subsubsection=\count276
\c@paragraph=\count277
\c@subparagraph=\count278
\c@figure=\count279
\c@table=\count280
\abovecaptionskip=\skip49
\belowcaptionskip=\skip50
\bibindent=\dimen147
)
(C:/Users/協力会社PC用/AppData/Local/Programs/MiKTeX/tex/latex/amsmath/ams
math.sty
Package: amsmath 2025/07/09 v2.17z AMS math features
\@mathmargin=\skip51

For additional information on amsmath, use the `?' option.

(C:/Users/協力会社PC用/AppData/Local/Programs/MiKTeX/tex/latex/amsmath/ams
text.sty
Package: amstext 2024/11/17 v2.01 AMS text

(C:/Users/協力会社PC用/AppData/Local/Programs/MiKTeX/tex/latex/amsmath/ams
gen.sty
File: amsgen.sty 1999/11/30 v2.0 generic functions
\@emptytoks=\toks17
\ex@=\dimen148
))
(C:/Users/協力会社PC用/AppData/Local/Programs/MiKTeX/tex/latex/amsmath/ams
bsy.sty
Package: amsbsy 1999/11/29 v1.2d Bold Symbols
\pmbraise@=\dimen149
)
(C:/Users/協力会社PC用/AppData/Local/Programs/MiKTeX/tex/latex/amsmath/ams
opn.sty
Package: amsopn 2022/04/08 v2.04 operator names
)
\inf@bad=\count281
LaTeX Info: Redefining \frac on input line 235.
\uproot@=\count282
\leftroot@=\count283
LaTeX Info: Redefining \overline on input line 398.
LaTeX Info: Redefining \colon on input line 409.
\classnum@=\count284
\DOTSCASE@=\count285
LaTeX Info: Redefining \ldots on input line 495.
LaTeX Info: Redefining \dots on input line 498.
LaTeX Info: Redefining \cdots on input line 619.
\Mathstrutbox@=\box53
\strutbox@=\box54
LaTeX Info: Redefining \big on input line 721.
LaTeX Info: Redefining \Big on input line 722.
LaTeX Info: Redefining \bigg on input line 723.
LaTeX Info: Redefining \Bigg on input line 724.
\big@size=\dimen150
LaTeX Font Info:    Redeclaring font encoding OML on input line 742.
LaTeX Font Info:    Redeclaring font encoding OMS on input line 743.
\macc@depth=\count286
LaTeX Info: Redefining \bmod on input line 904.
LaTeX Info: Redefining \pmod on input line 909.
LaTeX Info: Redefining \smash on input line 939.
LaTeX Info: Redefining \relbar on input line 969.
LaTeX Info: Redefining \Relbar on input line 970.
\c@MaxMatrixCols=\count287
\dotsspace@=\muskip17
\c@parentequation=\count288
\dspbrk@lvl=\count289
\tag@help=\toks18
\row@=\count290
\column@=\count291
\maxfields@=\count292
\andhelp@=\toks19
\eqnshift@=\dimen151
\alignsep@=\dimen152
\tagshift@=\dimen153
\tagwidth@=\dimen154
\totwidth@=\dimen155
\lineht@=\dimen156
\@envbody=\toks20
\multlinegap=\skip52
\multlinetaggap=\skip53
\mathdisplay@stack=\toks21
LaTeX Info: Redefining \[ on input line 2950.
LaTeX Info: Redefining \] on input line 2951.
)
(C:/Users/協力会社PC用/AppData/Local/Programs/MiKTeX/tex/latex/amsfonts/am
ssymb.sty
Package: amssymb 2013/01/14 v3.01 AMS font symbols

(C:/Users/協力会社PC用/AppData/Local/Programs/MiKTeX/tex/latex/amsfonts/am
sfonts.sty
Package: amsfonts 2013/01/14 v3.01 Basic AMSFonts support
\symAMSa=\mathgroup4
\symAMSb=\mathgroup5
LaTeX Font Info:    Redeclaring math symbol \hbar on input line 98.
LaTeX Font Info:    Overwriting math alphabet `\mathfrak' in version `bold'
(Font)                  U/euf/m/n --> U/euf/b/n on input line 106.
))
(C:/Users/協力会社PC用/AppData/Local/Programs/MiKTeX/tex/latex/amscls/amst
hm.sty
Package: amsthm 2020/05/29 v2.20.6
\thm@style=\toks22
\thm@bodyfont=\toks23
\thm@headfont=\toks24
\thm@notefont=\toks25
\thm@headpunct=\toks26
\thm@preskip=\skip54
\thm@postskip=\skip55
\thm@headsep=\skip56
\dth@everypar=\toks27
)
(C:/Users/協力会社PC用/AppData/Local/Programs/MiKTeX/tex/latex/graphics/gr
aphicx.sty
Package: graphicx 2024/12/31 v1.2e Enhanced LaTeX Graphics (DPC,SPQR)

(C:/Users/協力会社PC用/AppData/Local/Programs/MiKTeX/tex/latex/graphics/ke
yval.sty
Package: keyval 2022/05/29 v1.15 key=value parser (DPC)
\KV@toks@=\toks28
)
(C:/Users/協力会社PC用/AppData/Local/Programs/MiKTeX/tex/latex/graphics/gr
aphics.sty
Package: graphics 2024/08/06 v1.4g Standard LaTeX Graphics (DPC,SPQR)

(C:/Users/協力会社PC用/AppData/Local/Programs/MiKTeX/tex/latex/graphics/tr
ig.sty
Package: trig 2023/12/02 v1.11 sin cos tan (DPC)
)
(C:/Users/協力会社PC用/AppData/Local/Programs/MiKTeX/tex/latex/graphics-cf
g/graphics.cfg
File: graphics.cfg 2016/06/04 v1.11 sample graphics configuration
)
Package graphics Info: Driver file: luatex.def on input line 106.

(C:/Users/協力会社PC用/AppData/Local/Programs/MiKTeX/tex/latex/graphics-de
f/luatex.def
File: luatex.def 2025/09/29 v1.2f Graphics/color driver for luatex
))
\Gin@req@height=\dimen157
\Gin@req@width=\dimen158
)
(C:/Users/協力会社PC用/AppData/Local/Programs/MiKTeX/tex/latex/float/float
.sty
Package: float 2001/11/08 v1.3d Float enhancements (AL)
\c@float@type=\count293
\float@exts=\toks29
\float@box=\box55
\@float@everytoks=\toks30
\@floatcapt=\box56
)
(C:/Users/協力会社PC用/AppData/Local/Programs/MiKTeX/tex/latex/hyperref/hy
perref.sty
Package: hyperref 2025-07-12 v7.01o Hypertext links for LaTeX

(C:/Users/協力会社PC用/AppData/Local/Programs/MiKTeX/tex/generic/iftex/ift
ex.sty
Package: iftex 2024/12/12 v1.0g TeX engine tests
)
(C:/Users/協力会社PC用/AppData/Local/Programs/MiKTeX/tex/latex/kvsetkeys/k
vsetkeys.sty
Package: kvsetkeys 2022-10-05 v1.19 Key value parser (HO)
)
(C:/Users/協力会社PC用/AppData/Local/Programs/MiKTeX/tex/generic/kvdefinek
eys/kvdefinekeys.sty
Package: kvdefinekeys 2019-12-19 v1.6 Define keys (HO)
)
(C:/Users/協力会社PC用/AppData/Local/Programs/MiKTeX/tex/generic/pdfescape
/pdfescape.sty
Package: pdfescape 2019/12/09 v1.15 Implements pdfTeX's escape features (HO)

(C:/Users/協力会社PC用/AppData/Local/Programs/MiKTeX/tex/generic/ltxcmds/l
txcmds.sty
Package: ltxcmds 2023-12-04 v1.26 LaTeX kernel commands for general use (HO)
)
(C:/Users/協力会社PC用/AppData/Local/Programs/MiKTeX/tex/generic/pdftexcmd
s/pdftexcmds.sty
Package: pdftexcmds 2020-06-27 v0.33 Utility functions of pdfTeX for LuaTeX (HO
)

(C:/Users/協力会社PC用/AppData/Local/Programs/MiKTeX/tex/generic/infwarerr
/infwarerr.sty
Package: infwarerr 2019/12/03 v1.5 Providing info/warning/error messages (HO)
)
Package pdftexcmds Info: \pdf@primitive is available.
Package pdftexcmds Info: \pdf@ifprimitive is available.
Package pdftexcmds Info: \pdfdraftmode found.
\pdftexcmds@toks=\toks31
))
(C:/Users/協力会社PC用/AppData/Local/Programs/MiKTeX/tex/latex/hycolor/hyc
olor.sty
Package: hycolor 2020-01-27 v1.10 Color options for hyperref/bookmark (HO)
)
(C:/Users/協力会社PC用/AppData/Local/Programs/MiKTeX/tex/latex/hyperref/na
meref.sty
Package: nameref 2025-06-21 v2.57 Cross-referencing by name of section

(C:/Users/協力会社PC用/AppData/Local/Programs/MiKTeX/tex/latex/refcount/re
fcount.sty
Package: refcount 2019/12/15 v3.6 Data extraction from label references (HO)
)
(C:/Users/協力会社PC用/AppData/Local/Programs/MiKTeX/tex/generic/gettitles
tring/gettitlestring.sty
Package: gettitlestring 2019/12/15 v1.6 Cleanup title references (HO)

(C:/Users/協力会社PC用/AppData/Local/Programs/MiKTeX/tex/latex/kvoptions/k
voptions.sty
Package: kvoptions 2022-06-15 v3.15 Key value format for package options (HO)
))
\c@section@level=\count294
)
(C:/Users/協力会社PC用/AppData/Local/Programs/MiKTeX/tex/latex/etoolbox/et
oolbox.sty
Package: etoolbox 2025/10/02 v2.5m e-TeX tools for LaTeX (JAW)
\etb@tempcnta=\count295
)
(C:/Users/協力会社PC用/AppData/Local/Programs/MiKTeX/tex/generic/stringenc
/stringenc.sty
Package: stringenc 2019/11/29 v1.12 Convert strings between diff. encodings (HO
)
)
\@linkdim=\dimen159
\Hy@linkcounter=\count296
\Hy@pagecounter=\count297

(C:/Users/協力会社PC用/AppData/Local/Programs/MiKTeX/tex/latex/hyperref/pd
1enc.def
File: pd1enc.def 2025-07-12 v7.01o Hyperref: PDFDocEncoding definition (HO)
)
(C:/Users/協力会社PC用/AppData/Local/Programs/MiKTeX/tex/generic/intcalc/i
ntcalc.sty
Package: intcalc 2019/12/15 v1.3 Expandable calculations with integers (HO)
)
\Hy@SavedSpaceFactor=\count298

(C:/Users/協力会社PC用/AppData/Local/Programs/MiKTeX/tex/latex/hyperref/pu
enc.def
File: puenc.def 2025-07-12 v7.01o Hyperref: PDF Unicode definition (HO)
)
Package hyperref Info: Hyper figures OFF on input line 4195.
Package hyperref Info: Link nesting OFF on input line 4200.
Package hyperref Info: Hyper index ON on input line 4203.
Package hyperref Info: Plain pages OFF on input line 4210.
Package hyperref Info: Backreferencing OFF on input line 4215.
Package hyperref Info: Implicit mode ON; LaTeX internals redefined.
Package hyperref Info: Bookmarks ON on input line 4462.
\c@Hy@tempcnt=\count299

(C:/Users/協力会社PC用/AppData/Local/Programs/MiKTeX/tex/latex/url/url.sty
\Urlmuskip=\muskip18
Package: url 2013/09/16  ver 3.4  Verb mode for urls, etc.
)
LaTeX Info: Redefining \url on input line 4801.
\XeTeXLinkMargin=\dimen160

(C:/Users/協力会社PC用/AppData/Local/Programs/MiKTeX/tex/generic/bitset/bi
tset.sty
Package: bitset 2019/12/09 v1.3 Handle bit-vector datatype (HO)

(C:/Users/協力会社PC用/AppData/Local/Programs/MiKTeX/tex/generic/bigintcal
c/bigintcalc.sty
Package: bigintcalc 2019/12/15 v1.5 Expandable calculations on big integers (HO
)
))
\Fld@menulength=\count300
\Field@Width=\dimen161
\Fld@charsize=\dimen162
Package hyperref Info: Hyper figures OFF on input line 6078.
Package hyperref Info: Link nesting OFF on input line 6083.
Package hyperref Info: Hyper index ON on input line 6086.
Package hyperref Info: backreferencing OFF on input line 6093.
Package hyperref Info: Link coloring OFF on input line 6098.
Package hyperref Info: Link coloring with OCG OFF on input line 6103.
Package hyperref Info: PDF/A mode OFF on input line 6108.
\Hy@abspage=\count301
\c@Item=\count302
\c@Hfootnote=\count303
)
Package hyperref Info: Driver (autodetected): hluatex.

(C:/Users/協力会社PC用/AppData/Local/Programs/MiKTeX/tex/latex/hyperref/hl
uatex.def
File: hluatex.def 2025-07-12 v7.01o Hyperref driver for luaTeX
\Fld@listcount=\count304
\c@bookmark@seq@number=\count305

(C:/Users/協力会社PC用/AppData/Local/Programs/MiKTeX/tex/latex/rerunfilech
eck/rerunfilecheck.sty
Package: rerunfilecheck 2025-06-21 v1.11 Rerun checks for auxiliary files (HO)

(C:/Users/協力会社PC用/AppData/Local/Programs/MiKTeX/tex/generic/uniquecou
nter/uniquecounter.sty
Package: uniquecounter 2019/12/15 v1.4 Provide unlimited unique counter (HO)
)
Package uniquecounter Info: New unique counter `rerunfilecheck' on input line 2
84.
)
\Hy@SectionHShift=\skip57
)
(C:/Users/協力会社PC用/AppData/Local/Programs/MiKTeX/tex/latex/geometry/ge
ometry.sty
Package: geometry 2026/03/07 v6.0 Page Geometry

(C:/Users/協力会社PC用/AppData/Local/Programs/MiKTeX/tex/generic/iftex/ifv
tex.sty
Package: ifvtex 2019/10/25 v1.7 ifvtex legacy package. Use iftex instead.
)
\Gm@cnth=\count306
\Gm@cntv=\count307
\c@Gm@tempcnt=\count308
\Gm@bindingoffset=\dimen163
\Gm@wd@mp=\dimen164
\Gm@odd@mp=\dimen165
\Gm@even@mp=\dimen166
\Gm@layoutwidth=\dimen167
\Gm@layoutheight=\dimen168
\Gm@layouthoffset=\dimen169
\Gm@layoutvoffset=\dimen170
\Gm@dimlist=\toks32

(C:/Users/協力会社PC用/AppData/Local/Programs/MiKTeX/tex/latex/geometry/ge
ometry.cfg))
(C:/Users/協力会社PC用/AppData/Local/Programs/MiKTeX/tex/latex/setspace/se
tspace.sty
Package: setspace 2022/12/04 v6.7b set line spacing
)
(C:/Users/協力会社PC用/AppData/Local/Programs/MiKTeX/tex/latex/titlesec/ti
tlesec.sty
Package: titlesec 2025/01/04 v2.17 Sectioning titles
\ttl@box=\box57
\beforetitleunit=\skip58
\aftertitleunit=\skip59
\ttl@plus=\dimen171
\ttl@minus=\dimen172
\ttl@toksa=\toks33
\titlewidth=\dimen173
\titlewidthlast=\dimen174
\titlewidthfirst=\dimen175
)
\c@definition=\count309
\c@theorem=\count310
\c@proposition=\count311

(C:/Users/協力会社PC用/AppData/Local/Programs/MiKTeX/tex/latex/l3backend/l
3backend-luatex.def
File: l3backend-luatex.def 2025-10-09 L3 backend support: PDF output (LuaTeX)
\l__color_backend_stack_int=\count312
Inserting `l3color' in `luaotfload.parse_color'.) (./paper_categorical.aux)
\openout1 = paper_categorical.aux

LaTeX Font Info:    Checking defaults for OML/cmm/m/it on input line 22.
LaTeX Font Info:    ... okay on input line 22.
LaTeX Font Info:    Checking defaults for OMS/cmsy/m/n on input line 22.
LaTeX Font Info:    ... okay on input line 22.
LaTeX Font Info:    Checking defaults for OT1/cmr/m/n on input line 22.
LaTeX Font Info:    ... okay on input line 22.
LaTeX Font Info:    Checking defaults for T1/cmr/m/n on input line 22.
LaTeX Font Info:    ... okay on input line 22.
LaTeX Font Info:    Checking defaults for TS1/cmr/m/n on input line 22.
LaTeX Font Info:    ... okay on input line 22.
LaTeX Font Info:    Checking defaults for TU/lmr/m/n on input line 22.
LaTeX Font Info:    ... okay on input line 22.
LaTeX Font Info:    Checking defaults for OMX/cmex/m/n on input line 22.
LaTeX Font Info:    ... okay on input line 22.
LaTeX Font Info:    Checking defaults for U/cmr/m/n on input line 22.
LaTeX Font Info:    ... okay on input line 22.
LaTeX Font Info:    Checking defaults for PD1/pdf/m/n on input line 22.
LaTeX Font Info:    ... okay on input line 22.
LaTeX Font Info:    Checking defaults for PU/pdf/m/n on input line 22.
LaTeX Font Info:    ... okay on input line 22.

(C:/Users/協力会社PC用/AppData/Local/Programs/MiKTeX/tex/context/base/mkii
/supp-pdf.mkii
[Loading MPS to PDF converter (version 2006.09.02).]
\scratchcounter=\count313
\scratchdimen=\dimen176
\scratchbox=\box58
\nofMPsegments=\count314
\nofMParguments=\count315
\everyMPshowfont=\toks34
\MPscratchCnt=\count316
\MPscratchDim=\dimen177
\MPnumerator=\count317
\makeMPintoPDFobject=\count318
\everyMPtoPDFconversion=\toks35
)
(C:/Users/協力会社PC用/AppData/Local/Programs/MiKTeX/tex/latex/epstopdf-pk
g/epstopdf-base.sty
Package: epstopdf-base 2020-01-24 v2.11 Base part for package epstopdf
Package epstopdf-base Info: Redefining graphics rule for `.eps' on input line 4
85.

(C:/Users/協力会社PC用/AppData/Local/Programs/MiKTeX/tex/latex/00miktex/ep
stopdf-sys.cfg
File: epstopdf-sys.cfg 2021/03/18 v2.0 Configuration of epstopdf for MiKTeX
))
Package hyperref Info: Link coloring OFF on input line 22.
 (./paper_categorical.out) (./paper_categorical.out)
\@outlinefile=\write3

\openout3 = paper_categorical.out

*geometry* driver: auto-detecting
*geometry* detected driver: luatex
*geometry* verbose mode - [ preamble ] result:
* driver: luatex
* paper: a4paper
* layout: <same size as paper>
* layoutoffset:(h,v)=(0.0pt,0.0pt)
* modes: 
* h-part:(L,W,R)=(71.13188pt, 455.24411pt, 71.13188pt)
* v-part:(T,H,B)=(71.13188pt, 702.78308pt, 71.13188pt)
* \paperwidth=597.50787pt
* \paperheight=845.04684pt
* \textwidth=455.24411pt
* \textheight=702.78308pt
* \oddsidemargin=-1.1381pt
* \evensidemargin=-1.1381pt
* \topmargin=-38.1381pt
* \headheight=12.0pt
* \headsep=25.0pt
* \topskip=11.0pt
* \footskip=30.0pt
* \marginparwidth=50.0pt
* \marginparsep=10.0pt
* \columnsep=10.0pt
* \skip\footins=10.0pt plus 4.0pt minus 2.0pt
* \hoffset=0.0pt
* \voffset=0.0pt
* \mag=1000
* \@twocolumnfalse
* \@twosidefalse
* \@mparswitchfalse
* \@reversemarginfalse
* (1in=72.27pt=25.4mm, 1cm=28.453pt)

LaTeX Font Info:    Trying to load font information for U+msa on input line 25.


(C:/Users/協力会社PC用/AppData/Local/Programs/MiKTeX/tex/latex/amsfonts/um
sa.fd
File: umsa.fd 2013/01/14 v3.01 AMS symbols A
)
LaTeX Font Info:    Trying to load font information for U+msb on input line 25.


(C:/Users/協力会社PC用/AppData/Local/Programs/MiKTeX/tex/latex/amsfonts/um
sb.fd
File: umsb.fd 2013/01/14 v3.01 AMS symbols B
)
<figures/figure1.png, id=63, 1381.16pt x 770.88pt>
File: figures/figure1.png Graphic file (type png)
<use figures/figure1.png>
Package luatex.def Info: figures/figure1.png  used on input line 55.
(luatex.def)             Requested size: 373.3035pt x 208.35211pt.
 [1

{C:/Users/協力会社PC用/AppData/Local/MiKTeX/fonts/map/pdftex/pdftex.map}] 
[2<./figures/figure1.png>]
<figures/figure2.png, id=84, 1413.28pt x 770.88pt>
File: figures/figure2.png Graphic file (type png)
<use figures/figure2.png>
Package luatex.def Info: figures/figure2.png  used on input line 135.
(luatex.def)             Requested size: 373.3035pt x 203.62352pt.
 [3<./figures/figure2.png>]
<figures/figure3.png, id=97, 1413.28pt x 770.88pt>
File: figures/figure3.png Graphic file (type png)
<use figures/figure3.png>
Package luatex.def Info: figures/figure3.png  used on input line 211.
(luatex.def)             Requested size: 373.3035pt x 203.62352pt.
 [4]
<figures/figure4.png, id=105, 2762.32pt x 1541.76pt>
File: figures/figure4.png Graphic file (type png)
<use figures/figure4.png>
Package luatex.def Info: figures/figure4.png  used on input line 229.
(luatex.def)             Requested size: 373.3035pt x 208.34035pt.
 [5<./figures/figure3.png><./figures/figure4.png>]
<figures/figure5.png, id=114, 1381.16pt x 770.88pt>
File: figures/figure5.png Graphic file (type png)
<use figures/figure5.png>
Package luatex.def Info: figures/figure5.png  used on input line 249.
(luatex.def)             Requested size: 373.3035pt x 208.35211pt.
<figures/figure6.png, id=115, 1381.16pt x 770.88pt>
File: figures/figure6.png Graphic file (type png)
<use figures/figure6.png>
Package luatex.def Info: figures/figure6.png  used on input line 268.
(luatex.def)             Requested size: 373.3035pt x 208.35211pt.
 [6<./figures/figure5.png>] [7<./figures/figure6.png>] [8] (./paper_categorical
.aux)
 ***********
LaTeX2e <2025-11-01>
L3 programming layer <2025-12-24>
 ***********


LaTeX Warning: Label(s) may have changed. Rerun to get cross-references right.

Package rerunfilecheck Info: File `paper_categorical.out' has not changed.
(rerunfilecheck)             Checksum: 8CB3F916F5F02190DE670E33112B82CB;2090.
)

Here is how much of LuaTeX's memory you used:
 10999 strings out of 476081
 125129,662416 words of node,token memory allocated
 625 words of node memory still in use:
   6 hlist, 2 vlist, 2 rule, 2 glue, 4 kern, 1 glyph, 35 attribute, 57 glue_spec
, 35 attribute_list, 1 write nodes
   avail lists: 2:296,3:164,4:11,5:293,6:50,7:5075,8:49,9:260,10:10,11:491
 33210 multiletter control sequences out of 65536+600000
 50 fonts using 3660735 bytes
 72i,7n,75p,553b,523s stack positions out of 10000i,1000n,20000p,200000b,200000s
<c:/users/協力会社pc用/appdata/local/programs/miktex/fonts/opentype/public/
lm/lmroman10-italic.otf><c:/users/協力会社pc用/appdata/local/programs/mikte
x/fonts/opentype/public/lm/lmroman12-bold.otf><c:/users/協力会社pc用/appdat
a/local/programs/miktex/fonts/opentype/public/lm/lmroman10-regular.otf><c:/users
/協力会社pc用/appdata/local/programs/miktex/fonts/opentype/public/lm/lmroma
n10-bold.otf><c:/users/協力会社pc用/appdata/local/programs/miktex/fonts/ope
ntype/public/lm/lmroman12-regular.otf><c:/users/協力会社pc用/appdata/local/
programs/miktex/fonts/opentype/public/lm/lmroman17-regular.otf><C:/Users/協
力会社PC用/AppData/Local/Programs/MiKTeX/fonts/type1/public/amsfonts/cm/cmex
10.pfb><C:/Users/協力会社PC用/AppData/Local/Programs/MiKTeX/fonts/type1/pub
lic/amsfonts/cm/cmmi10.pfb><C:/Users/協力会社PC用/AppData/Local/Programs/Mi
KTeX/fonts/type1/public/amsfonts/cm/cmmi8.pfb><C:/Users/協力会社PC用/AppDat
a/Local/Programs/MiKTeX/fonts/type1/public/amsfonts/cm/cmr10.pfb><C:/Users/協
力会社PC用/AppData/Local/Programs/MiKTeX/fonts/type1/public/amsfonts/cm/cmr8
.pfb><C:/Users/協力会社PC用/AppData/Local/Programs/MiKTeX/fonts/type1/publi
c/amsfonts/cm/cmsy10.pfb><C:/Users/協力会社PC用/AppData/Local/Programs/MiKT
eX/fonts/type1/public/amsfonts/cm/cmsy8.pfb>
Output written on paper_categorical.pdf (8 pages, 4883585 bytes).

PDF statistics: 197 PDF objects out of 1000 (max. 8388607)
 37 named destinations out of 1000 (max. 1048576)
 121 words of extra memory for PDF output out of 10000 (max. 100000000)

